00:00:00.003117 main     VirtualBox COM Server 6.1.34 r150636 win.amd64 (Mar 23 2022 00:36:21) release log
00:00:00.003120 main     Log opened 2024-09-30T13:13:04.162896700Z
00:00:00.003122 main     Build Type: release
00:00:00.003131 main     OS Product: Windows 11
00:00:00.003132 main     OS Release: 10.0.22631
00:00:00.003133 main     OS Service Pack: 
00:00:00.029136 main     DMI Product Name: Victus by HP Gaming Laptop 15-fb1xxx
00:00:00.039518 main     DMI Product Version:  
00:00:00.039532 main     Firmware type: UEFI
00:00:00.039951 main     Secure Boot: VERR_PRIVILEGE_NOT_HELD
00:00:00.039977 main     Host RAM: 15573MB (15.2GB) total, 9312MB (9.0GB) available
00:00:00.039983 main     Executable: C:\Program Files\Oracle\VirtualBox\VBoxSVC.exe
00:00:00.039983 main     Process ID: 3580
00:00:00.039984 main     Package type: WINDOWS_64BITS_GENERIC
00:00:00.101251          VirtualBox: object creation starts
00:00:00.101459          Home directory: 'C:\Users\nnaiv\.VirtualBox'
00:00:00.101600          Installed Drivers:
00:00:00.105532            C:\WINDOWS\system32\DRIVERS\VBoxNetLwf.sys (Version: 6.1.34.636)
00:00:00.106003            C:\WINDOWS\system32\DRIVERS\VBoxUSBMon.sys (Version: 6.1.34.636)
00:00:00.106325            C:\WINDOWS\system32\DRIVERS\VBoxSup.sys (Version: 6.1.34.636)
00:00:00.106705            C:\WINDOWS\system32\DRIVERS\VBoxNetAdp6.sys (Version: 6.1.34.636)
00:00:00.118862          Loading settings file "C:\Users\nnaiv\.VirtualBox\VirtualBox.xml" with version "1.12-windows"
00:00:00.120732          usbLibGetDevices: Starting USB device enumeration
00:00:00.146628          Getting USB descriptor (id 0) failed (dwErr=31) on hub USB#ROOT_HUB30#5&ff49e5c&0&0#{f18a0e88-c30c-11d0-8815-00a0c906bed8} port 3
00:00:00.146699          Getting USB descriptor (id 0) failed (dwErr=31) on hub USB#ROOT_HUB30#5&ff49e5c&0&0#{f18a0e88-c30c-11d0-8815-00a0c906bed8} port 4
00:00:00.217739          usbLibGetDevices: Found 3 USB devices, 0 captured
00:00:00.217791          USB: Unknown USB device detected (idVendor: 0x0408, idProduct: 0x5482)
00:00:00.217828          USB: Unknown USB device detected (idVendor: 0x13d3, idProduct: 0x3567)
00:00:00.217839          USB: Unknown USB device detected (idVendor: 0x1ea7, idProduct: 0x0064)
00:00:00.339590          HostDnsMonitor: initializing
00:00:00.349260          HostDnsMonitor: updating information
00:00:00.349296          HostDnsMonitor: old information
00:00:00.349297            no server entries
00:00:00.349298            no domain set
00:00:00.349298            no search string entries
00:00:00.349299          HostDnsMonitor: new information
00:00:00.349300            server 1: 192.168.225.111
00:00:00.349301            no domain set
00:00:00.349301            no search string entries
00:00:00.351852          VD: VDInit finished with VINF_SUCCESS
00:00:00.364639          Loading settings file "C:\Users\nnaiv\VirtualBox VMs\Linux Mint 20.3\Linux Mint 20.3.vbox" with version "1.16-windows"
00:00:00.365732          VirtualBox: object created
00:00:09.214332          Saving settings file "C:\Users\nnaiv\.VirtualBox\VirtualBox.xml" with version "1.12-windows"
00:00:09.230030          Saving settings file "C:\Users\nnaiv\.VirtualBox\VirtualBox.xml" with version "1.12-windows"
00:00:17.553023          Launched VM: 49681904 pid: 12172 (0x2f8c) frontend: GUI/Qt name: Linux Mint 20.3
00:00:21.361232          ERROR [COM]: aRC=VBOX_E_OBJECT_NOT_FOUND (0x80bb0001) aIID={70401eef-c8e9-466b-9660-45cb3e9979e4} aComponent={ExtPackManagerWrap} aText={No extension pack by the name 'Oracle VM VirtualBox Extension Pack' was found}, preserve=false aResultDetail=0
00:00:21.581085          ERROR [COM]: aRC=VBOX_E_IPRT_ERROR (0x80bb0005) aIID={85632c68-b5bb-4316-a900-5eb28d3413df} aComponent={SessionMachine} aText={Saved screenshot data is not available (VERR_NOT_SUPPORTED)}, preserve=false aResultDetail=-37
00:04:19.856901          Saving settings file "C:\Users\nnaiv\.VirtualBox\VirtualBox.xml" with version "1.12-windows"
00:04:19.887249          Saving settings file "C:\Users\nnaiv\.VirtualBox\VirtualBox.xml" with version "1.12-windows"
00:04:19.890808          Saving settings file "C:\Users\nnaiv\.VirtualBox\VirtualBox.xml" with version "1.12-windows"
00:08:38.427561 USBPROXY usbLibGetDevices: Starting USB device enumeration
00:08:38.443406 USBPROXY Getting USB descriptor (id 0) failed (dwErr=31) on hub USB#ROOT_HUB30#5&ff49e5c&0&0#{f18a0e88-c30c-11d0-8815-00a0c906bed8} port 3
00:08:38.443548 USBPROXY Getting USB descriptor (id 0) failed (dwErr=31) on hub USB#ROOT_HUB30#5&ff49e5c&0&0#{f18a0e88-c30c-11d0-8815-00a0c906bed8} port 4
00:08:38.493518 USBPROXY usbLibGetDevices: Found 3 USB devices, 0 captured
00:27:50.125495 dns-monitor HostDnsMonitor: updating information
00:27:50.125523 dns-monitor HostDnsMonitor: unchanged
00:57:58.214635 dns-monitor HostDnsMonitor: updating information
00:57:58.214763 dns-monitor HostDnsMonitor: unchanged
01:28:07.299176 dns-monitor HostDnsMonitor: updating information
01:28:07.299291 dns-monitor HostDnsMonitor: unchanged
01:58:16.398235 dns-monitor HostDnsMonitor: updating information
01:58:16.398315 dns-monitor HostDnsMonitor: unchanged
02:24:04.001184 USBPROXY usbLibGetDevices: Starting USB device enumeration
02:24:04.015523 USBPROXY Getting USB descriptor (id 0) failed (dwErr=31) on hub USB#ROOT_HUB30#5&ff49e5c&0&0#{f18a0e88-c30c-11d0-8815-00a0c906bed8} port 3
02:24:04.015596 USBPROXY Getting USB descriptor (id 0) failed (dwErr=31) on hub USB#ROOT_HUB30#5&ff49e5c&0&0#{f18a0e88-c30c-11d0-8815-00a0c906bed8} port 4
02:24:04.060153 USBPROXY usbLibGetDevices: Found 3 USB devices, 0 captured
02:28:25.497762 dns-monitor HostDnsMonitor: updating information
02:28:25.497800 dns-monitor HostDnsMonitor: unchanged
02:29:39.065136 USBPROXY usbLibGetDevices: Starting USB device enumeration
02:29:39.080212 USBPROXY Getting USB descriptor (id 0) failed (dwErr=31) on hub USB#ROOT_HUB30#5&ff49e5c&0&0#{f18a0e88-c30c-11d0-8815-00a0c906bed8} port 3
02:29:39.080329 USBPROXY Getting USB descriptor (id 0) failed (dwErr=31) on hub USB#ROOT_HUB30#5&ff49e5c&0&0#{f18a0e88-c30c-11d0-8815-00a0c906bed8} port 4
02:29:39.131589 USBPROXY usbLibGetDevices: Found 3 USB devices, 0 captured
02:38:25.450756          Saving settings file "C:\Users\nnaiv\VirtualBox VMs\Linux Mint 20.3\Linux Mint 20.3.vbox" with version "1.16-windows"
02:38:36.324928          Saving settings file "C:\Users\nnaiv\VirtualBox VMs\Linux Mint 20.3\Linux Mint 20.3.vbox" with version "1.16-windows"
02:38:36.331111 SaveState Saving settings file "C:\Users\nnaiv\VirtualBox VMs\Linux Mint 20.3\Linux Mint 20.3.vbox" with version "1.16-windows"
02:38:36.881713          Saving settings file "C:\Users\nnaiv\VirtualBox VMs\Linux Mint 20.3\Linux Mint 20.3.vbox" with version "1.16-windows"
02:38:42.927748 main     VirtualBox: object deletion starts
02:38:42.928379 main     ERROR [COM]: aRC=VBOX_E_OBJECT_IN_USE (0x80bb000c) aIID={ad47ad09-787b-44ab-b343-a082a3f2dfb1} aComponent={MediumWrap} aText={Medium 'C:\Users\nnaiv\VirtualBox VMs\Linux Mint 20.3\Linux Mint 20.3.vhd' cannot be closed because it is still attached to 1 virtual machines}, preserve=false aResultDetail=0
02:38:42.930214 main     HostDnsMonitor: shutting down ...
02:38:42.930299 main     HostDnsMonitor: shut down
02:38:42.931895 Watcher  ERROR [COM]: aRC=E_ACCESSDENIED (0x80070005) aIID={d0a0163f-e254-4e5b-a1f2-011cf991c38d} aComponent={VirtualBoxWrap} aText={The object is not ready}, preserve=false aResultDetail=0
02:38:42.932294 main     VirtualBox: object deleted
